05-Jan-2022 18:53:42.927 INFO [main] org.apache.catalina.startup.VersionLoggerListener.log 서버 버전 이름:    Apache Tomcat/8.5.73
05-Jan-2022 18:53:42.933 INFO [main] org.apache.catalina.startup.VersionLoggerListener.log Server 빌드 시각:  Nov 11 2021 13:14:36 UTC
05-Jan-2022 18:53:42.933 INFO [main] org.apache.catalina.startup.VersionLoggerListener.log Server 버전 번호:  8.5.73.0
05-Jan-2022 18:53:42.934 INFO [main] org.apache.catalina.startup.VersionLoggerListener.log 운영체제 이름:     Mac OS X
05-Jan-2022 18:53:42.934 INFO [main] org.apache.catalina.startup.VersionLoggerListener.log 운영체제 버전:     10.16
05-Jan-2022 18:53:42.934 INFO [main] org.apache.catalina.startup.VersionLoggerListener.log 아키텍처:          x86_64
05-Jan-2022 18:53:42.934 INFO [main] org.apache.catalina.startup.VersionLoggerListener.log 자바 홈:           /Library/Java/JavaVirtualMachines/jdk-15.0.1.jdk/Contents/Home
05-Jan-2022 18:53:42.934 INFO [main] org.apache.catalina.startup.VersionLoggerListener.log JVM 버전:          15.0.1+9-18
05-Jan-2022 18:53:42.934 INFO [main] org.apache.catalina.startup.VersionLoggerListener.log JVM 벤더:          Oracle Corporation
05-Jan-2022 18:53:42.934 INFO [main] org.apache.catalina.startup.VersionLoggerListener.log CATALINA_BASE:     /Users/choi_jiwon/Desktop/flow/apache-tomcat-8.5.73
05-Jan-2022 18:53:42.934 INFO [main] org.apache.catalina.startup.VersionLoggerListener.log CATALINA_HOME:     /Users/choi_jiwon/Desktop/flow/apache-tomcat-8.5.73
05-Jan-2022 18:53:42.937 INFO [main] org.apache.catalina.startup.VersionLoggerListener.log 명령 행 아규먼트:  --add-opens=java.base/java.lang=ALL-UNNAMED
05-Jan-2022 18:53:42.937 INFO [main] org.apache.catalina.startup.VersionLoggerListener.log 명령 행 아규먼트:  --add-opens=java.base/java.io=ALL-UNNAMED
05-Jan-2022 18:53:42.937 INFO [main] org.apache.catalina.startup.VersionLoggerListener.log 명령 행 아규먼트:  --add-opens=java.base/java.util=ALL-UNNAMED
05-Jan-2022 18:53:42.937 INFO [main] org.apache.catalina.startup.VersionLoggerListener.log 명령 행 아규먼트:  --add-opens=java.base/java.util.concurrent=ALL-UNNAMED
05-Jan-2022 18:53:42.937 INFO [main] org.apache.catalina.startup.VersionLoggerListener.log 명령 행 아규먼트:  --add-opens=java.rmi/sun.rmi.transport=ALL-UNNAMED
05-Jan-2022 18:53:42.938 INFO [main] org.apache.catalina.startup.VersionLoggerListener.log 명령 행 아규먼트:  -Djava.util.logging.config.file=/Users/choi_jiwon/Desktop/flow/apache-tomcat-8.5.73/conf/logging.properties
05-Jan-2022 18:53:42.938 INFO [main] org.apache.catalina.startup.VersionLoggerListener.log 명령 행 아규먼트:  -Djava.util.logging.manager=org.apache.juli.ClassLoaderLogManager
05-Jan-2022 18:53:42.938 INFO [main] org.apache.catalina.startup.VersionLoggerListener.log 명령 행 아규먼트:  -Djdk.tls.ephemeralDHKeySize=2048
05-Jan-2022 18:53:42.938 INFO [main] org.apache.catalina.startup.VersionLoggerListener.log 명령 행 아규먼트:  -Djava.protocol.handler.pkgs=org.apache.catalina.webresources
05-Jan-2022 18:53:42.938 INFO [main] org.apache.catalina.startup.VersionLoggerListener.log 명령 행 아규먼트:  -Dorg.apache.catalina.security.SecurityListener.UMASK=0027
05-Jan-2022 18:53:42.938 INFO [main] org.apache.catalina.startup.VersionLoggerListener.log 명령 행 아규먼트:  -Dignore.endorsed.dirs=
05-Jan-2022 18:53:42.938 INFO [main] org.apache.catalina.startup.VersionLoggerListener.log 명령 행 아규먼트:  -Dcatalina.base=/Users/choi_jiwon/Desktop/flow/apache-tomcat-8.5.73
05-Jan-2022 18:53:42.938 INFO [main] org.apache.catalina.startup.VersionLoggerListener.log 명령 행 아규먼트:  -Dcatalina.home=/Users/choi_jiwon/Desktop/flow/apache-tomcat-8.5.73
05-Jan-2022 18:53:42.938 INFO [main] org.apache.catalina.startup.VersionLoggerListener.log 명령 행 아규먼트:  -Djava.io.tmpdir=/Users/choi_jiwon/Desktop/flow/apache-tomcat-8.5.73/temp
05-Jan-2022 18:53:42.939 INFO [main] org.apache.catalina.core.AprLifecycleListener.lifecycleEvent 프로덕션 환경들에서 최적의 성능을 제공하는, APR 기반 Apache Tomcat Native 라이브러리가, 다음 java.library.path에서 발견되지 않습니다: [/Users/choi_jiwon/Library/Java/Extensions:/Library/Java/Extensions:/Network/Library/Java/Extensions:/System/Library/Java/Extensions:/usr/lib/java:.]
05-Jan-2022 18:53:43.036 INFO [main] org.apache.coyote.AbstractProtocol.init 프로토콜 핸들러 ["http-nio-8080"]을(를) 초기화합니다.
05-Jan-2022 18:53:43.068 INFO [main] org.apache.tomcat.util.net.NioSelectorPool.getSharedSelector Using a shared selector for servlet write/read
05-Jan-2022 18:53:43.090 INFO [main] org.apache.catalina.startup.Catalina.load Initialization processed in 837 ms
05-Jan-2022 18:53:43.149 INFO [main] org.apache.catalina.core.StandardService.startInternal 서비스 [Catalina]을(를) 시작합니다.
05-Jan-2022 18:53:43.149 INFO [main] org.apache.catalina.core.StandardEngine.startInternal 서버 엔진을 시작합니다: [Apache Tomcat/8.5.73]
05-Jan-2022 18:53:43.156 INFO [localhost-startStop-1] org.apache.catalina.startup.HostConfig.deployDirectory 웹 애플리케이션 디렉토리 [/Users/choi_jiwon/Desktop/flow/apache-tomcat-8.5.73/webapps/docs]을(를) 배치합니다.
05-Jan-2022 18:53:43.478 INFO [localhost-startStop-1] org.apache.catalina.startup.HostConfig.deployDirectory 웹 애플리케이션 디렉토리 [/Users/choi_jiwon/Desktop/flow/apache-tomcat-8.5.73/webapps/docs]에 대한 배치가 [318] 밀리초에 완료되었습니다.
05-Jan-2022 18:53:43.479 INFO [localhost-startStop-1] org.apache.catalina.startup.HostConfig.deployDirectory 웹 애플리케이션 디렉토리 [/Users/choi_jiwon/Desktop/flow/apache-tomcat-8.5.73/webapps/manager]을(를) 배치합니다.
05-Jan-2022 18:53:43.560 INFO [localhost-startStop-1] org.apache.catalina.startup.HostConfig.deployDirectory 웹 애플리케이션 디렉토리 [/Users/choi_jiwon/Desktop/flow/apache-tomcat-8.5.73/webapps/manager]에 대한 배치가 [80] 밀리초에 완료되었습니다.
05-Jan-2022 18:53:43.560 INFO [localhost-startStop-1] org.apache.catalina.startup.HostConfig.deployDirectory 웹 애플리케이션 디렉토리 [/Users/choi_jiwon/Desktop/flow/apache-tomcat-8.5.73/webapps/examples]을(를) 배치합니다.
05-Jan-2022 18:53:43.979 INFO [localhost-startStop-1] org.apache.catalina.startup.HostConfig.deployDirectory 웹 애플리케이션 디렉토리 [/Users/choi_jiwon/Desktop/flow/apache-tomcat-8.5.73/webapps/examples]에 대한 배치가 [418] 밀리초에 완료되었습니다.
05-Jan-2022 18:53:43.979 INFO [localhost-startStop-1] org.apache.catalina.startup.HostConfig.deployDirectory 웹 애플리케이션 디렉토리 [/Users/choi_jiwon/Desktop/flow/apache-tomcat-8.5.73/webapps/ROOT]을(를) 배치합니다.
05-Jan-2022 18:53:44.042 INFO [localhost-startStop-1] org.apache.catalina.startup.HostConfig.deployDirectory 웹 애플리케이션 디렉토리 [/Users/choi_jiwon/Desktop/flow/apache-tomcat-8.5.73/webapps/ROOT]에 대한 배치가 [62] 밀리초에 완료되었습니다.
05-Jan-2022 18:53:44.043 INFO [localhost-startStop-1] org.apache.catalina.startup.HostConfig.deployDirectory 웹 애플리케이션 디렉토리 [/Users/choi_jiwon/Desktop/flow/apache-tomcat-8.5.73/webapps/host-manager]을(를) 배치합니다.
05-Jan-2022 18:53:44.092 INFO [localhost-startStop-1] org.apache.catalina.startup.HostConfig.deployDirectory 웹 애플리케이션 디렉토리 [/Users/choi_jiwon/Desktop/flow/apache-tomcat-8.5.73/webapps/host-manager]에 대한 배치가 [49] 밀리초에 완료되었습니다.
05-Jan-2022 18:53:44.095 INFO [main] org.apache.coyote.AbstractProtocol.start 프로토콜 핸들러 ["http-nio-8080"]을(를) 시작합니다.
05-Jan-2022 18:53:44.103 INFO [main] org.apache.catalina.startup.Catalina.start Server startup in 1012 ms
