07-Jan-2022 14:19:29.407 INFO [main] org.apache.catalina.startup.VersionLoggerListener.log 서버 버전 이름:    Apache Tomcat/8.5.73
07-Jan-2022 14:19:29.413 INFO [main] org.apache.catalina.startup.VersionLoggerListener.log Server 빌드 시각:  Nov 11 2021 13:14:36 UTC
07-Jan-2022 14:19:29.413 INFO [main] org.apache.catalina.startup.VersionLoggerListener.log Server 버전 번호:  8.5.73.0
07-Jan-2022 14:19:29.413 INFO [main] org.apache.catalina.startup.VersionLoggerListener.log 운영체제 이름:     Mac OS X
07-Jan-2022 14:19:29.413 INFO [main] org.apache.catalina.startup.VersionLoggerListener.log 운영체제 버전:     10.16
07-Jan-2022 14:19:29.414 INFO [main] org.apache.catalina.startup.VersionLoggerListener.log 아키텍처:          x86_64
07-Jan-2022 14:19:29.414 INFO [main] org.apache.catalina.startup.VersionLoggerListener.log 자바 홈:           /Library/Java/JavaVirtualMachines/jdk-15.0.1.jdk/Contents/Home
07-Jan-2022 14:19:29.414 INFO [main] org.apache.catalina.startup.VersionLoggerListener.log JVM 버전:          15.0.1+9-18
07-Jan-2022 14:19:29.414 INFO [main] org.apache.catalina.startup.VersionLoggerListener.log JVM 벤더:          Oracle Corporation
07-Jan-2022 14:19:29.414 INFO [main] org.apache.catalina.startup.VersionLoggerListener.log CATALINA_BASE:     /Users/choi_jiwon/Desktop/flow/apache-tomcat-8.5.73
07-Jan-2022 14:19:29.415 INFO [main] org.apache.catalina.startup.VersionLoggerListener.log CATALINA_HOME:     /Users/choi_jiwon/Desktop/flow/apache-tomcat-8.5.73
07-Jan-2022 14:19:29.416 INFO [main] org.apache.catalina.startup.VersionLoggerListener.log 명령 행 아규먼트:  --add-opens=java.base/java.lang=ALL-UNNAMED
07-Jan-2022 14:19:29.416 INFO [main] org.apache.catalina.startup.VersionLoggerListener.log 명령 행 아규먼트:  --add-opens=java.base/java.io=ALL-UNNAMED
07-Jan-2022 14:19:29.416 INFO [main] org.apache.catalina.startup.VersionLoggerListener.log 명령 행 아규먼트:  --add-opens=java.base/java.util=ALL-UNNAMED
07-Jan-2022 14:19:29.416 INFO [main] org.apache.catalina.startup.VersionLoggerListener.log 명령 행 아규먼트:  --add-opens=java.base/java.util.concurrent=ALL-UNNAMED
07-Jan-2022 14:19:29.416 INFO [main] org.apache.catalina.startup.VersionLoggerListener.log 명령 행 아규먼트:  --add-opens=java.rmi/sun.rmi.transport=ALL-UNNAMED
07-Jan-2022 14:19:29.417 INFO [main] org.apache.catalina.startup.VersionLoggerListener.log 명령 행 아규먼트:  -Djava.util.logging.config.file=/Users/choi_jiwon/Desktop/flow/apache-tomcat-8.5.73/conf/logging.properties
07-Jan-2022 14:19:29.417 INFO [main] org.apache.catalina.startup.VersionLoggerListener.log 명령 행 아규먼트:  -Djava.util.logging.manager=org.apache.juli.ClassLoaderLogManager
07-Jan-2022 14:19:29.417 INFO [main] org.apache.catalina.startup.VersionLoggerListener.log 명령 행 아규먼트:  -Djdk.tls.ephemeralDHKeySize=2048
07-Jan-2022 14:19:29.417 INFO [main] org.apache.catalina.startup.VersionLoggerListener.log 명령 행 아규먼트:  -Djava.protocol.handler.pkgs=org.apache.catalina.webresources
07-Jan-2022 14:19:29.417 INFO [main] org.apache.catalina.startup.VersionLoggerListener.log 명령 행 아규먼트:  -Dorg.apache.catalina.security.SecurityListener.UMASK=0027
07-Jan-2022 14:19:29.417 INFO [main] org.apache.catalina.startup.VersionLoggerListener.log 명령 행 아규먼트:  -Dignore.endorsed.dirs=
07-Jan-2022 14:19:29.417 INFO [main] org.apache.catalina.startup.VersionLoggerListener.log 명령 행 아규먼트:  -Dcatalina.base=/Users/choi_jiwon/Desktop/flow/apache-tomcat-8.5.73
07-Jan-2022 14:19:29.417 INFO [main] org.apache.catalina.startup.VersionLoggerListener.log 명령 행 아규먼트:  -Dcatalina.home=/Users/choi_jiwon/Desktop/flow/apache-tomcat-8.5.73
07-Jan-2022 14:19:29.417 INFO [main] org.apache.catalina.startup.VersionLoggerListener.log 명령 행 아규먼트:  -Djava.io.tmpdir=/Users/choi_jiwon/Desktop/flow/apache-tomcat-8.5.73/temp
07-Jan-2022 14:19:29.418 INFO [main] org.apache.catalina.core.AprLifecycleListener.lifecycleEvent 프로덕션 환경들에서 최적의 성능을 제공하는, APR 기반 Apache Tomcat Native 라이브러리가, 다음 java.library.path에서 발견되지 않습니다: [/Users/choi_jiwon/Library/Java/Extensions:/Library/Java/Extensions:/Network/Library/Java/Extensions:/System/Library/Java/Extensions:/usr/lib/java:.]
07-Jan-2022 14:19:29.519 INFO [main] org.apache.coyote.AbstractProtocol.init 프로토콜 핸들러 ["http-nio-8080"]을(를) 초기화합니다.
07-Jan-2022 14:19:29.549 INFO [main] org.apache.tomcat.util.net.NioSelectorPool.getSharedSelector Using a shared selector for servlet write/read
07-Jan-2022 14:19:29.569 INFO [main] org.apache.catalina.startup.Catalina.load Initialization processed in 846 ms
07-Jan-2022 14:19:29.631 INFO [main] org.apache.catalina.core.StandardService.startInternal 서비스 [Catalina]을(를) 시작합니다.
07-Jan-2022 14:19:29.631 INFO [main] org.apache.catalina.core.StandardEngine.startInternal 서버 엔진을 시작합니다: [Apache Tomcat/8.5.73]
07-Jan-2022 14:19:29.639 INFO [localhost-startStop-1] org.apache.catalina.startup.HostConfig.deployDirectory 웹 애플리케이션 디렉토리 [/Users/choi_jiwon/Desktop/flow/apache-tomcat-8.5.73/webapps/docs]을(를) 배치합니다.
07-Jan-2022 14:19:29.948 INFO [localhost-startStop-1] org.apache.catalina.startup.HostConfig.deployDirectory 웹 애플리케이션 디렉토리 [/Users/choi_jiwon/Desktop/flow/apache-tomcat-8.5.73/webapps/docs]에 대한 배치가 [306] 밀리초에 완료되었습니다.
07-Jan-2022 14:19:29.949 INFO [localhost-startStop-1] org.apache.catalina.startup.HostConfig.deployDirectory 웹 애플리케이션 디렉토리 [/Users/choi_jiwon/Desktop/flow/apache-tomcat-8.5.73/webapps/manager]을(를) 배치합니다.
07-Jan-2022 14:19:30.016 INFO [localhost-startStop-1] org.apache.catalina.startup.HostConfig.deployDirectory 웹 애플리케이션 디렉토리 [/Users/choi_jiwon/Desktop/flow/apache-tomcat-8.5.73/webapps/manager]에 대한 배치가 [67] 밀리초에 완료되었습니다.
07-Jan-2022 14:19:30.016 INFO [localhost-startStop-1] org.apache.catalina.startup.HostConfig.deployDirectory 웹 애플리케이션 디렉토리 [/Users/choi_jiwon/Desktop/flow/apache-tomcat-8.5.73/webapps/examples]을(를) 배치합니다.
07-Jan-2022 14:19:30.429 INFO [localhost-startStop-1] org.apache.catalina.startup.HostConfig.deployDirectory 웹 애플리케이션 디렉토리 [/Users/choi_jiwon/Desktop/flow/apache-tomcat-8.5.73/webapps/examples]에 대한 배치가 [412] 밀리초에 완료되었습니다.
07-Jan-2022 14:19:30.429 INFO [localhost-startStop-1] org.apache.catalina.startup.HostConfig.deployDirectory 웹 애플리케이션 디렉토리 [/Users/choi_jiwon/Desktop/flow/apache-tomcat-8.5.73/webapps/ROOT]을(를) 배치합니다.
07-Jan-2022 14:19:30.484 INFO [localhost-startStop-1] org.apache.catalina.startup.HostConfig.deployDirectory 웹 애플리케이션 디렉토리 [/Users/choi_jiwon/Desktop/flow/apache-tomcat-8.5.73/webapps/ROOT]에 대한 배치가 [54] 밀리초에 완료되었습니다.
07-Jan-2022 14:19:30.485 INFO [localhost-startStop-1] org.apache.catalina.startup.HostConfig.deployDirectory 웹 애플리케이션 디렉토리 [/Users/choi_jiwon/Desktop/flow/apache-tomcat-8.5.73/webapps/host-manager]을(를) 배치합니다.
07-Jan-2022 14:19:30.546 INFO [localhost-startStop-1] org.apache.catalina.startup.HostConfig.deployDirectory 웹 애플리케이션 디렉토리 [/Users/choi_jiwon/Desktop/flow/apache-tomcat-8.5.73/webapps/host-manager]에 대한 배치가 [61] 밀리초에 완료되었습니다.
07-Jan-2022 14:19:30.550 INFO [main] org.apache.coyote.AbstractProtocol.start 프로토콜 핸들러 ["http-nio-8080"]을(를) 시작합니다.
07-Jan-2022 14:19:30.556 INFO [main] org.apache.catalina.startup.Catalina.start Server startup in 987 ms
07-Jan-2022 14:19:30.571 SEVERE [main] org.apache.catalina.core.StandardServer.await StandardServer.await: create[localhost:8005]: 
	java.net.BindException: Address already in use
		at java.base/sun.nio.ch.Net.bind0(Native Method)
		at java.base/sun.nio.ch.Net.bind(Net.java:550)
		at java.base/sun.nio.ch.Net.bind(Net.java:539)
		at java.base/sun.nio.ch.NioSocketImpl.bind(NioSocketImpl.java:643)
		at java.base/java.net.ServerSocket.bind(ServerSocket.java:396)
		at java.base/java.net.ServerSocket.<init>(ServerSocket.java:282)
		at org.apache.catalina.core.StandardServer.await(StandardServer.java:414)
		at org.apache.catalina.startup.Catalina.await(Catalina.java:776)
		at org.apache.catalina.startup.Catalina.start(Catalina.java:722)
		at java.base/jdk.internal.reflect.NativeMethodAccessorImpl.invoke0(Native Method)
		at java.base/jdk.internal.reflect.NativeMethodAccessorImpl.invoke(NativeMethodAccessorImpl.java:64)
		at java.base/jdk.internal.reflect.DelegatingMethodAccessorImpl.invoke(DelegatingMethodAccessorImpl.java:43)
		at java.base/java.lang.reflect.Method.invoke(Method.java:564)
		at org.apache.catalina.startup.Bootstrap.start(Bootstrap.java:345)
		at org.apache.catalina.startup.Bootstrap.main(Bootstrap.java:476)
07-Jan-2022 14:19:30.572 INFO [main] org.apache.coyote.AbstractProtocol.pause 프로토콜 핸들러 ["http-nio-8080"]을(를) 일시 정지 중
07-Jan-2022 14:19:30.583 INFO [main] org.apache.catalina.core.StandardService.stopInternal 서비스 [Catalina]을(를) 중지시킵니다.
07-Jan-2022 14:19:30.617 INFO [main] org.apache.coyote.AbstractProtocol.stop 프로토콜 핸들러 ["http-nio-8080"]을(를) 중지시킵니다.
07-Jan-2022 14:19:30.621 INFO [main] org.apache.coyote.AbstractProtocol.destroy 프로토콜 핸들러 ["http-nio-8080"]을(를) 소멸시킵니다.
